{
  "stats": {
    "suites": 20,
    "tests": 38,
    "passes": 38,
    "pending": 0,
    "failures": 0,
    "testsRegistered": 38,
    "passPercent": 100,
    "pendingPercent": 0,
    "other": 0,
    "hasOther": false,
    "skipped": 0,
    "hasSkipped": false,
    "start": "2023-06-01T14:32:55.438Z",
    "end": "2023-06-01T14:36:09.887Z",
    "duration": 194449
  },
  "results": [
    {
      "uuid": "4ab9cb83-facf-46ea-a997-8c560c8d8e89",
      "title": "",
      "fullFile": "cypress\\e2e\\automation-test-store\\alias-invoke.cy.js",
      "file": "cypress\\e2e\\automation-test-store\\alias-invoke.cy.js",
      "beforeHooks": [],
      "afterHooks": [],
      "tests": [],
      "suites": [
        {
          "uuid": "4e42e555-0948-405e-897d-ee01eb15fb51",
          "title": "Alias and Invoke",
          "fullFile": "",
          "file": "",
          "beforeHooks": [],
          "afterHooks": [],
          "tests": [
            {
              "title": "Validate the thumbnail and add to cart icon",
              "fullTitle": "Alias and Invoke Validate the thumbnail and add to cart icon",
              "timedOut": null,
              "duration": 4326,
              "state": "passed",
              "speed": "fast",
              "pass": true,
              "fail": false,
              "pending": false,
              "context": null,
              "code": "cy.visit(\"https://automationteststore.com/\");\n// cy.get('.thumbnail').as('thumbNail')\n// cy.get('@thumbNail').find('.oneprice').each(($el, index) => {\n//     cy.log($el.text())\n// })\ncy.get('.thumbnail').find('.oneprice').invoke('text').as('ItemPrice');\ncy.get('.thumbnail').find('.pricenew').invoke('text').as('SaleItemPrice');\nvar itemsTotal = 0;\ncy.get('@ItemPrice').then($lt => {\n  var totalItemPrice = 0;\n  var itemPrice = $lt.split('$');\n  var i;\n  for (i = 0; i < itemPrice.length; i++) {\n    cy.log(itemPrice[i]);\n    totalItemPrice += Number(itemPrice[i]);\n  }\n  itemsTotal += totalItemPrice;\n  cy.log('Total Non Sale Products price:' + totalItemPrice);\n});\ncy.get('@SaleItemPrice').then($lt => {\n  var totalSaleItemPrice = 0;\n  var saleItemPrice = $lt.split('$');\n  var i;\n  for (i = 0; i < saleItemPrice.length; i++) {\n    cy.log(saleItemPrice[i]);\n    totalSaleItemPrice += Number(saleItemPrice[i]);\n  }\n  itemsTotal += totalSaleItemPrice;\n  cy.log('Total Sale Products price:' + totalSaleItemPrice);\n}).then(() => {\n  cy.log('The Total Price of all Products: ', +itemsTotal);\n  expect(itemsTotal).to.equal(656.5);\n});",
              "err": {},
              "uuid": "cac183af-a437-475a-a1b0-d81d482f8cc5",
              "parentUUID": "4e42e555-0948-405e-897d-ee01eb15fb51",
              "isHook": false,
              "skipped": false
            }
          ],
          "suites": [],
          "passes": [
            "cac183af-a437-475a-a1b0-d81d482f8cc5"
          ],
          "failures": [],
          "pending": [],
          "skipped": [],
          "duration": 4326,
          "root": false,
          "rootEmpty": false,
          "_timeout": 2000
        }
      ],
      "passes": [],
      "failures": [],
      "pending": [],
      "skipped": [],
      "duration": 0,
      "root": true,
      "rootEmpty": true,
      "_timeout": 2000
    },
    {
      "uuid": "7115fa9a-77b0-4b19-ae7b-8523b0d9c123",
      "title": "",
      "fullFile": "cypress\\e2e\\automation-test-store\\contact-us.cy.js",
      "file": "cypress\\e2e\\automation-test-store\\contact-us.cy.js",
      "beforeHooks": [],
      "afterHooks": [],
      "tests": [],
      "suites": [
        {
          "uuid": "d59242cd-ee9e-4027-97f5-703fc42dbe88",
          "title": "Test Contact Us form via Automation Test Store",
          "fullFile": "",
          "file": "",
          "beforeHooks": [],
          "afterHooks": [],
          "tests": [
            {
              "title": "Should be able to submit a successful submission via contact us form",
              "fullTitle": "Test Contact Us form via Automation Test Store Should be able to submit a successful submission via contact us form",
              "timedOut": null,
              "duration": 7426,
              "state": "passed",
              "speed": "medium",
              "pass": true,
              "fail": false,
              "pending": false,
              "context": null,
              "code": "cy.visit(\"https://automationteststore.com/\");\ncy.get(\"a[href$='contact']\").click().then(text => {\n  cy.log(\"Text of the click lin:\" + text.text());\n});\n// cy.xpath(\"//a[contains(@href,'contact')]\").click()\ncy.get('@user').then(user => {\n  cy.get('#ContactUsFrm_first_name').type(user.first_name);\n  cy.get('#ContactUsFrm_email').type(user.email);\n});\ncy.get('#ContactUsFrm_email').should('have.attr', 'name', 'email');\ncy.get('#ContactUsFrm_enquiry').type(\"this is an enquiry\");\ncy.get(\"button[title='Submit']\").click();\ncy.contains(\"successfully\").should('have.text', 'Your enquiry has been successfully sent to the store owner!');\ncy.log(\"This test is passed\");",
              "err": {},
              "uuid": "720dbc28-f225-4632-b39a-3d51ae0964f0",
              "parentUUID": "d59242cd-ee9e-4027-97f5-703fc42dbe88",
              "isHook": false,
              "skipped": false
            }
          ],
          "suites": [],
          "passes": [
            "720dbc28-f225-4632-b39a-3d51ae0964f0"
          ],
          "failures": [],
          "pending": [],
          "skipped": [],
          "duration": 7426,
          "root": false,
          "rootEmpty": false,
          "_timeout": 2000
        }
      ],
      "passes": [],
      "failures": [],
      "pending": [],
      "skipped": [],
      "duration": 0,
      "root": true,
      "rootEmpty": true,
      "_timeout": 2000
    },
    {
      "uuid": "d9fcdd6b-7692-4fac-b4b3-5ccc69c85042",
      "title": "",
      "fullFile": "cypress\\e2e\\automation-test-store\\inspect-item.cy.js",
      "file": "cypress\\e2e\\automation-test-store\\inspect-item.cy.js",
      "beforeHooks": [],
      "afterHooks": [],
      "tests": [],
      "suites": [
        {
          "uuid": "283109f6-d039-4514-8a49-5b518b7f6cfd",
          "title": "Inspect Automation Store items using chain of commands",
          "fullFile": "",
          "file": "",
          "beforeHooks": [],
          "afterHooks": [],
          "tests": [
            {
              "title": "Click on the first item using item text",
              "fullTitle": "Inspect Automation Store items using chain of commands Click on the first item using item text",
              "timedOut": null,
              "duration": 4960,
              "state": "passed",
              "speed": "fast",
              "pass": true,
              "fail": false,
              "pending": false,
              "context": null,
              "code": "cy.visit(\"https://automationteststore.com/\");\ncy.get('.prdocutname').contains('Skinsheen Bronzer Stick').click().then(itemName => {\n  console.log(\"Name of the selected product is:\" + itemName.text());\n});",
              "err": {},
              "uuid": "e2061ded-32dd-4076-a51f-e0eff26acc5a",
              "parentUUID": "283109f6-d039-4514-8a49-5b518b7f6cfd",
              "isHook": false,
              "skipped": false
            }
          ],
          "suites": [],
          "passes": [
            "e2061ded-32dd-4076-a51f-e0eff26acc5a"
          ],
          "failures": [],
          "pending": [],
          "skipped": [],
          "duration": 4960,
          "root": false,
          "rootEmpty": false,
          "_timeout": 2000
        }
      ],
      "passes": [],
      "failures": [],
      "pending": [],
      "skipped": [],
      "duration": 0,
      "root": true,
      "rootEmpty": true,
      "_timeout": 2000
    },
    {
      "uuid": "661c4054-939a-4d0c-849e-2d9fb0cebd8b",
      "title": "",
      "fullFile": "cypress\\e2e\\automation-test-store\\iterate-over-element.cy.js",
      "file": "cypress\\e2e\\automation-test-store\\iterate-over-element.cy.js",
      "beforeHooks": [],
      "afterHooks": [],
      "tests": [],
      "suites": [
        {
          "uuid": "4997a3b2-b29e-4483-bf7e-9e4554149ec4",
          "title": "Iterate over elements",
          "fullFile": "",
          "file": "",
          "beforeHooks": [],
          "afterHooks": [],
          "tests": [
            {
              "title": "Log information of all hair care products",
              "fullTitle": "Iterate over elements Log information of all hair care products",
              "timedOut": null,
              "duration": 4575,
              "state": "passed",
              "speed": "fast",
              "pass": true,
              "fail": false,
              "pending": false,
              "context": null,
              "code": "cy.get('.fixed_wrapper .prdocutname').each(($el, index, $list) => {\n  cy.log('Index' + index + ':' + $el.text());\n});",
              "err": {},
              "uuid": "5e6f06e4-d362-42e2-aa5c-308ce22fd331",
              "parentUUID": "4997a3b2-b29e-4483-bf7e-9e4554149ec4",
              "isHook": false,
              "skipped": false
            },
            {
              "title": "Select a specific product to cart",
              "fullTitle": "Iterate over elements Select a specific product to cart",
              "timedOut": null,
              "duration": 1896,
              "state": "passed",
              "speed": "fast",
              "pass": true,
              "fail": false,
              "pending": false,
              "context": null,
              "code": "// cy.get('.fixed_wrapper .prdocutname').each(($el, index, $list) => {\n//     if($el.text().includes('Curls to straight Shampoo')) {\n//         cy.wrap($el).click()\n//     }\n//   })\ncy.selectProduct('Curls to straight Shampoo');",
              "err": {},
              "uuid": "8bbb8e33-7b9a-441e-9c10-99aafe26a9a4",
              "parentUUID": "4997a3b2-b29e-4483-bf7e-9e4554149ec4",
              "isHook": false,
              "skipped": false
            },
            {
              "title": "Select a specific product to cart",
              "fullTitle": "Iterate over elements Select a specific product to cart",
              "timedOut": null,
              "duration": 2060,
              "state": "passed",
              "speed": "fast",
              "pass": true,
              "fail": false,
              "pending": false,
              "context": null,
              "code": "cy.selectProduct('Eau Parfumee au The Vert Shampoo');",
              "err": {},
              "uuid": "f86ce2f5-417f-40bb-b8cb-06ef5e9d088e",
              "parentUUID": "4997a3b2-b29e-4483-bf7e-9e4554149ec4",
              "isHook": false,
              "skipped": false
            }
          ],
          "suites": [],
          "passes": [
            "5e6f06e4-d362-42e2-aa5c-308ce22fd331",
            "8bbb8e33-7b9a-441e-9c10-99aafe26a9a4",
            "f86ce2f5-417f-40bb-b8cb-06ef5e9d088e"
          ],
          "failures": [],
          "pending": [],
          "skipped": [],
          "duration": 8531,
          "root": false,
          "rootEmpty": false,
          "_timeout": 2000
        }
      ],
      "passes": [],
      "failures": [],
      "pending": [],
      "skipped": [],
      "duration": 0,
      "root": true,
      "rootEmpty": true,
      "_timeout": 2000
    },
    {
      "uuid": "4d06af13-6f74-4ee3-a96b-53b506b8b0d4",
      "title": "",
      "fullFile": "cypress\\e2e\\automation-test-store\\variables-and-cy-commands.cy.js",
      "file": "cypress\\e2e\\automation-test-store\\variables-and-cy-commands.cy.js",
      "beforeHooks": [],
      "afterHooks": [],
      "tests": [],
      "suites": [
        {
          "uuid": "eea6e539-67d9-481c-a523-c3c75fbd4e3d",
          "title": "Verifying variables, cypress commands and jquery commands",
          "fullFile": "",
          "file": "",
          "beforeHooks": [],
          "afterHooks": [],
          "tests": [
            {
              "title": "Validate properties of  the Contact Us page",
              "fullTitle": "Verifying variables, cypress commands and jquery commands Validate properties of  the Contact Us page",
              "timedOut": null,
              "duration": 3389,
              "state": "passed",
              "speed": "fast",
              "pass": true,
              "fail": false,
              "pending": false,
              "context": null,
              "code": "cy.visit(\"https://automationteststore.com/index.php?rt=content/contact\");\n// uses cypress commands and chaining\ncy.contains(\"#ContactUsFrm\", 'Contact Us Form').find(\"#field_11\").should('contain', 'First name');\n// jquery approach\ncy.contains(\"#ContactUsFrm\", 'Contact Us Form').then(text => {\n  const firstNameText = text.find(\"#field_11\").text();\n  expect(firstNameText).to.contain('First name');\n  //embedded commands (closure)\n  cy.get(\"#field_11\").then(txt => {\n    cy.log(txt.text());\n    cy.log(txt);\n  });\n});",
              "err": {},
              "uuid": "317e110a-b71d-4c4e-a5ee-7af33c4c87c7",
              "parentUUID": "eea6e539-67d9-481c-a523-c3c75fbd4e3d",
              "isHook": false,
              "skipped": false
            }
          ],
          "suites": [],
          "passes": [
            "317e110a-b71d-4c4e-a5ee-7af33c4c87c7"
          ],
          "failures": [],
          "pending": [],
          "skipped": [],
          "duration": 3389,
          "root": false,
          "rootEmpty": false,
          "_timeout": 2000
        }
      ],
      "passes": [],
      "failures": [],
      "pending": [],
      "skipped": [],
      "duration": 0,
      "root": true,
      "rootEmpty": true,
      "_timeout": 2000
    },
    {
      "uuid": "7fcf3f37-9110-465a-be9a-867afab5d4e1",
      "title": "",
      "fullFile": "cypress\\e2e\\other\\same-origin-policy.cy.js",
      "file": "cypress\\e2e\\other\\same-origin-policy.cy.js",
      "beforeHooks": [],
      "afterHooks": [],
      "tests": [],
      "suites": [
        {
          "uuid": "51040886-5a36-40df-a3a9-b6b1e0c9627b",
          "title": "Cypress web security",
          "fullFile": "",
          "file": "",
          "beforeHooks": [],
          "afterHooks": [],
          "tests": [
            {
              "title": "Validate visiting two different domains via user action",
              "fullTitle": "Cypress web security Validate visiting two different domains via user action",
              "timedOut": null,
              "duration": 7011,
              "state": "passed",
              "speed": "medium",
              "pass": true,
              "fail": false,
              "pending": false,
              "context": null,
              "code": "cy.visit(\"http://www.webdriveruniversity.com\");\ncy.get(\"#automation-test-store\").invoke('removeAttr', 'target').click();",
              "err": {},
              "uuid": "81d18c28-dc1e-4d48-b2f4-21edd61ad3ed",
              "parentUUID": "51040886-5a36-40df-a3a9-b6b1e0c9627b",
              "isHook": false,
              "skipped": false
            }
          ],
          "suites": [],
          "passes": [
            "81d18c28-dc1e-4d48-b2f4-21edd61ad3ed"
          ],
          "failures": [],
          "pending": [],
          "skipped": [],
          "duration": 7011,
          "root": false,
          "rootEmpty": false,
          "_timeout": 2000
        }
      ],
      "passes": [],
      "failures": [],
      "pending": [],
      "skipped": [],
      "duration": 0,
      "root": true,
      "rootEmpty": true,
      "_timeout": 2000
    },
    {
      "uuid": "bfa9e260-54b4-4a84-b8ff-dd3935ca4789",
      "title": "",
      "fullFile": "cypress\\e2e\\webdriver-uni\\autocomplete-dropdown-list.cy.js",
      "file": "cypress\\e2e\\webdriver-uni\\autocomplete-dropdown-list.cy.js",
      "beforeHooks": [],
      "afterHooks": [],
      "tests": [],
      "suites": [
        {
          "uuid": "a61a75cc-ce7a-4d42-9591-eb762c3b63a4",
          "title": "Verify autocomlete dropdown list",
          "fullFile": "",
          "file": "",
          "beforeHooks": [],
          "afterHooks": [],
          "tests": [
            {
              "title": "select specific product from autocomplete dropdown list",
              "fullTitle": "Verify autocomlete dropdown list select specific product from autocomplete dropdown list",
              "timedOut": null,
              "duration": 3535,
              "state": "passed",
              "speed": "fast",
              "pass": true,
              "fail": false,
              "pending": false,
              "context": null,
              "code": "// cy.visit(\"http://www.webdriveruniversity.com/Contact-Us/contactus.html\")\ncy.visit(\"http://www.webdriveruniversity.com\");\ncy.get(\"#autocomplete-textfield\").invoke('removeAttr', 'target').click({\n  force: true\n});\ncy.get('#myInput').type('a');\ncy.get('#myInputautocomplete-list > *').each(($el, index, $list) => {\n  const prod = $el.text();\n  const selctedProd = 'Apple';\n  if (prod === selctedProd) {\n    cy.wrap($el).click();\n    cy.get('#submit-button').click();\n    cy.url().should('include', selctedProd);\n  }\n}).then(() => {\n  cy.get('#myInput').type('g');\n  cy.get('#myInputautocomplete-list > *').each(($el, index, $list) => {\n    const prod = $el.text();\n    const selctedProd = 'Grapes';\n    if (prod === selctedProd) {\n      cy.wrap($el).click();\n      cy.get('#submit-button').click();\n      cy.url().should('include', selctedProd);\n    }\n  });\n});",
              "err": {},
              "uuid": "d6080a4c-1e96-427d-a1c6-0d9f9fc31e59",
              "parentUUID": "a61a75cc-ce7a-4d42-9591-eb762c3b63a4",
              "isHook": false,
              "skipped": false
            }
          ],
          "suites": [],
          "passes": [
            "d6080a4c-1e96-427d-a1c6-0d9f9fc31e59"
          ],
          "failures": [],
          "pending": [],
          "skipped": [],
          "duration": 3535,
          "root": false,
          "rootEmpty": false,
          "_timeout": 2000
        }
      ],
      "passes": [],
      "failures": [],
      "pending": [],
      "skipped": [],
      "duration": 0,
      "root": true,
      "rootEmpty": true,
      "_timeout": 2000
    },
    {
      "uuid": "0af14013-5a27-4722-9c9a-e7d84f62d36f",
      "title": "",
      "fullFile": "cypress\\e2e\\webdriver-uni\\browser-navigation.cy.js",
      "file": "cypress\\e2e\\webdriver-uni\\browser-navigation.cy.js",
      "beforeHooks": [],
      "afterHooks": [],
      "tests": [],
      "suites": [
        {
          "uuid": "a7b94b58-ef65-48eb-a9e1-ec37578b94e7",
          "title": "Test Contact Us form via WebdriverUni",
          "fullFile": "",
          "file": "",
          "beforeHooks": [],
          "afterHooks": [],
          "tests": [
            {
              "title": "Should be able to submit a successful submission via contact us form",
              "fullTitle": "Test Contact Us form via WebdriverUni Should be able to submit a successful submission via contact us form",
              "timedOut": null,
              "duration": 5859,
              "state": "passed",
              "speed": "medium",
              "pass": true,
              "fail": false,
              "pending": false,
              "context": null,
              "code": "// cy.visit(\"http://www.webdriveruniversity.com/Contact-Us/contactus.html\")\ncy.visit(\"http://www.webdriveruniversity.com\");\ncy.get(\"#contact-us\").invoke('removeAttr', 'target').click({\n  force: true\n});\ncy.url().should('include', 'contactus');\ncy.go('back');\ncy.reload(true);\ncy.url().should('include', 'http://www.webdriveruniversity.com/');\ncy.go('forward');\ncy.url().should('include', 'contactus');\ncy.go('back');\ncy.get('#to-do-list').invoke('removeAttr', 'target').click({\n  force: true\n});\ncy.url().should('include', 'To-Do-List');\ncy.go('back');",
              "err": {},
              "uuid": "01133cf6-6e3d-40e7-8235-5c51cbc2e4c7",
              "parentUUID": "a7b94b58-ef65-48eb-a9e1-ec37578b94e7",
              "isHook": false,
              "skipped": false
            }
          ],
          "suites": [],
          "passes": [
            "01133cf6-6e3d-40e7-8235-5c51cbc2e4c7"
          ],
          "failures": [],
          "pending": [],
          "skipped": [],
          "duration": 5859,
          "root": false,
          "rootEmpty": false,
          "_timeout": 2000
        }
      ],
      "passes": [],
      "failures": [],
      "pending": [],
      "skipped": [],
      "duration": 0,
      "root": true,
      "rootEmpty": true,
      "_timeout": 2000
    },
    {
      "uuid": "e8c91ccd-751b-41e3-b058-36dbf132e1ad",
      "title": "",
      "fullFile": "cypress\\e2e\\webdriver-uni\\checkboxes.cy.js",
      "file": "cypress\\e2e\\webdriver-uni\\checkboxes.cy.js",
      "beforeHooks": [],
      "afterHooks": [],
      "tests": [],
      "suites": [
        {
          "uuid": "beae8098-f325-4e34-acf7-c8eeab33377b",
          "title": "Verify checkboxes",
          "fullFile": "",
          "file": "",
          "beforeHooks": [],
          "afterHooks": [],
          "tests": [
            {
              "title": "check/uncheck and validate checkboxes",
              "fullTitle": "Verify checkboxes check/uncheck and validate checkboxes",
              "timedOut": null,
              "duration": 4139,
              "state": "passed",
              "speed": "fast",
              "pass": true,
              "fail": false,
              "pending": false,
              "context": null,
              "code": "// cy.visit(\"http://www.webdriveruniversity.com/Contact-Us/contactus.html\")\ncy.visit(\"http://www.webdriveruniversity.com\");\ncy.get(\"#dropdown-checkboxes-radiobuttons\").invoke('removeAttr', 'target').click({\n  force: true\n});\ncy.get(\"input[value='option-1']\").check().should('be.checked');\ncy.get(\"input[value='option-3']\").uncheck().should('not.be.checked');\ncy.get(\"input[type='checkbox']\").check(['option-2', 'option-4']).should('be.checked');",
              "err": {},
              "uuid": "841409ba-dc7b-48c4-a25e-e594af31925f",
              "parentUUID": "beae8098-f325-4e34-acf7-c8eeab33377b",
              "isHook": false,
              "skipped": false
            }
          ],
          "suites": [],
          "passes": [
            "841409ba-dc7b-48c4-a25e-e594af31925f"
          ],
          "failures": [],
          "pending": [],
          "skipped": [],
          "duration": 4139,
          "root": false,
          "rootEmpty": false,
          "_timeout": 2000
        }
      ],
      "passes": [],
      "failures": [],
      "pending": [],
      "skipped": [],
      "duration": 0,
      "root": true,
      "rootEmpty": true,
      "_timeout": 2000
    },
    {
      "uuid": "5bc186ed-753c-4fe7-8d95-f4926f1b3141",
      "title": "",
      "fullFile": "cypress\\e2e\\webdriver-uni\\contact-us.cy.js",
      "file": "cypress\\e2e\\webdriver-uni\\contact-us.cy.js",
      "beforeHooks": [],
      "afterHooks": [],
      "tests": [],
      "suites": [
        {
          "uuid": "c0a7fbf2-c337-4689-80c3-389a4695cf83",
          "title": "Test Contact Us form via WebdriverUni",
          "fullFile": "",
          "file": "",
          "beforeHooks": [],
          "afterHooks": [],
          "tests": [
            {
              "title": "Should be able to submit a successful submission via contact us form",
              "fullTitle": "Test Contact Us form via WebdriverUni Should be able to submit a successful submission via contact us form",
              "timedOut": null,
              "duration": 4945,
              "state": "passed",
              "speed": "fast",
              "pass": true,
              "fail": false,
              "pending": false,
              "context": null,
              "code": "cy.document().should('have.property', 'charset').and('eq', 'UTF-8');\ncy.title().should('include', 'WebDriver | Contact Us');\ncy.url().should('include', 'http://www.webdriveruniversity.com/Contact-Us/contactus.html');\n// cy.get('[name=\"first_name\"]').type(data.first_name)\n// cy.get('[name=\"last_name\"]').type(data.last_name)\n// cy.get('[name=\"email\"]').type(data.email)\n// cy.get('textarea.feedback-input').type(\"random text\")\n// cy.get('[type=\"submit\"]').click()\n// cy.contains('Thank You').should('have.text', 'Thank You for your Message!')\n//  cy.fillForm(data.first_name, data.last_name, data.email, \"This is just a random text\", \"h1\", \"Thank You for your Message!\")\ncontactus.fillForm(data.first_name, data.last_name, data.email, \"This is just a random text\", \"h1\", \"Thank You for your Message!\");",
              "err": {},
              "uuid": "78f11db3-ee75-4fcb-8107-8be99d7759e9",
              "parentUUID": "c0a7fbf2-c337-4689-80c3-389a4695cf83",
              "isHook": false,
              "skipped": false
            },
            {
              "title": "Should not be able to submit a successful submission via contact us form as all fields are required",
              "fullTitle": "Test Contact Us form via WebdriverUni Should not be able to submit a successful submission via contact us form as all fields are required",
              "timedOut": null,
              "duration": 3277,
              "state": "passed",
              "speed": "fast",
              "pass": true,
              "fail": false,
              "pending": false,
              "context": null,
              "code": "// cy.get('[name=\"first_name\"]').type(data.first_name)\n// cy.get('[name=\"last_name\"]').type(data.last_name)\n// // cy.get('[name=\"email\"]').type(\"joe@gmail.com\")\n// cy.get('textarea.feedback-input').type(\"random text\")\n// cy.get('[type=\"submit\"]').click()\n// cy.get('body').contains('Error: all fields are required')\ncontactus.fillForm(data.first_name, data.last_name, data.email, \"This is just a random text\", \"h1\", \"Thank You for your Message!\");\n// cy.fillForm(data.first_name, data.last_name, \" \", \"This is just a random text\", \"body\", \"Error: Invalid email address\")",
              "err": {},
              "uuid": "0560d21f-aff6-445f-9451-b922d993dc45",
              "parentUUID": "c0a7fbf2-c337-4689-80c3-389a4695cf83",
              "isHook": false,
              "skipped": false
            }
          ],
          "suites": [],
          "passes": [
            "78f11db3-ee75-4fcb-8107-8be99d7759e9",
            "0560d21f-aff6-445f-9451-b922d993dc45"
          ],
          "failures": [],
          "pending": [],
          "skipped": [],
          "duration": 8222,
          "root": false,
          "rootEmpty": false,
          "_timeout": 2000
        }
      ],
      "passes": [],
      "failures": [],
      "pending": [],
      "skipped": [],
      "duration": 0,
      "root": true,
      "rootEmpty": true,
      "_timeout": 2000
    },
    {
      "uuid": "f6aa2358-1613-4a07-83c6-1524e3fd9679",
      "title": "",
      "fullFile": "cypress\\e2e\\webdriver-uni\\data-table.cy.js",
      "file": "cypress\\e2e\\webdriver-uni\\data-table.cy.js",
      "beforeHooks": [],
      "afterHooks": [],
      "tests": [],
      "suites": [
        {
          "uuid": "b80afa10-4bea-4f72-987e-c9b7076910f8",
          "title": "Handling data table",
          "fullFile": "",
          "file": "",
          "beforeHooks": [],
          "afterHooks": [],
          "tests": [
            {
              "title": "Calculate and assert the total age of all users",
              "fullTitle": "Handling data table Calculate and assert the total age of all users",
              "timedOut": null,
              "duration": 2835,
              "state": "passed",
              "speed": "fast",
              "pass": true,
              "fail": false,
              "pending": false,
              "context": null,
              "code": "// cy.visit(\"http://www.webdriveruniversity.com/Contact-Us/contactus.html\")\ncy.visit(\"http://www.webdriveruniversity.com\");\ncy.get(\"#data-table\").invoke('removeAttr', 'target').click({\n  force: true\n});\ncy.get('#thumbnail-1 tr td:nth-child(2)').each(($el, index, $list) => {\n  const text = $el.text();\n  if (text.includes('Woods')) {\n    cy.get('#thumbnail-1 tr td:nth-child(2)').eq(index).next().then(age => {\n      const userAge = age.text();\n      expect(userAge).to.eq('80');\n    });\n  }\n});",
              "err": {},
              "uuid": "2030ec4b-cd1b-46e7-a80b-98634a02b729",
              "parentUUID": "b80afa10-4bea-4f72-987e-c9b7076910f8",
              "isHook": false,
              "skipped": false
            }
          ],
          "suites": [],
          "passes": [
            "2030ec4b-cd1b-46e7-a80b-98634a02b729"
          ],
          "failures": [],
          "pending": [],
          "skipped": [],
          "duration": 2835,
          "root": false,
          "rootEmpty": false,
          "_timeout": 2000
        }
      ],
      "passes": [],
      "failures": [],
      "pending": [],
      "skipped": [],
      "duration": 0,
      "root": true,
      "rootEmpty": true,
      "_timeout": 2000
    },
    {
      "uuid": "f58b5d32-6d17-4a47-9a93-e5cd4cdb3f01",
      "title": "",
      "fullFile": "cypress\\e2e\\webdriver-uni\\datepicker.cy.js",
      "file": "cypress\\e2e\\webdriver-uni\\datepicker.cy.js",
      "beforeHooks": [],
      "afterHooks": [],
      "tests": [],
      "suites": [
        {
          "uuid": "8f1ac667-3c9c-4e0d-9a55-724fc26e303f",
          "title": "Test Datepicker via webdriveruni",
          "fullFile": "",
          "file": "",
          "beforeHooks": [],
          "afterHooks": [],
          "tests": [
            {
              "title": "Select date from the datepicker",
              "fullTitle": "Test Datepicker via webdriveruni Select date from the datepicker",
              "timedOut": null,
              "duration": 2800,
              "state": "passed",
              "speed": "fast",
              "pass": true,
              "fail": false,
              "pending": false,
              "context": null,
              "code": "cy.visit(\"http://www.webdriveruniversity.com\");\ncy.get(\"#datepicker\").invoke('removeAttr', 'target').click({\n  force: true\n});\ncy.get('#datepicker').click();\n// let date = new Date()\n// date.setDate(date.getDate())\n// cy.log(date.getDate()) //get current day i.e. 26\n// let date1 = new Date()\n// date1.setDate(date.getDate() + 5) \n// cy.log(date1.getDate()) //get current day i.e. 26 + 5 = 31\nvar date = new Date();\ndate.setDate(date.getDate() + 50);\nvar futureYear = date.getFullYear();\nvar futureMonth = date.toLocaleString(\"default\", {\n  month: \"long\"\n});\nvar futureDay = date.getDate();\ncy.log('Future Year to Select: ' + futureYear);\ncy.log('Future Month to Select: ' + futureMonth);\ncy.log('Future Date to Select: ' + futureDay);\nfunction SelectMOnthAndYear() {\n  cy.get('.datepicker-dropdown').find('.datepicker-switch').first().then(currentDate => {\n    if (!currentDate.text().includes(futureYear)) {\n      cy.get('.next').first().click();\n      SelectMOnthAndYear();\n    }\n  }).then(() => {\n    cy.get('.datepicker-dropdown').find('.datepicker-switch').first().then(currentDate => {\n      if (!currentDate.text().includes(futureMonth)) {\n        cy.get('.next').first().click();\n        SelectMOnthAndYear();\n      }\n    });\n  });\n}\nfunction SelectDay() {\n  cy.get('[class =\"day\"]').contains(futureDay).click();\n}\nSelectMOnthAndYear();\nSelectDay();",
              "err": {},
              "uuid": "8dadb448-2fbd-4e70-8188-c2dd638a4fb5",
              "parentUUID": "8f1ac667-3c9c-4e0d-9a55-724fc26e303f",
              "isHook": false,
              "skipped": false
            }
          ],
          "suites": [],
          "passes": [
            "8dadb448-2fbd-4e70-8188-c2dd638a4fb5"
          ],
          "failures": [],
          "pending": [],
          "skipped": [],
          "duration": 2800,
          "root": false,
          "rootEmpty": false,
          "_timeout": 2000
        }
      ],
      "passes": [],
      "failures": [],
      "pending": [],
      "skipped": [],
      "duration": 0,
      "root": true,
      "rootEmpty": true,
      "_timeout": 2000
    },
    {
      "uuid": "b4624b20-507f-453b-be8a-6025938d4bb7",
      "title": "",
      "fullFile": "cypress\\e2e\\webdriver-uni\\dropdown-list.cy.js",
      "file": "cypress\\e2e\\webdriver-uni\\dropdown-list.cy.js",
      "beforeHooks": [],
      "afterHooks": [],
      "tests": [],
      "suites": [
        {
          "uuid": "5f842298-be00-470a-af1f-62792761db12",
          "title": "Verify dropdown list",
          "fullFile": "",
          "file": "",
          "beforeHooks": [],
          "afterHooks": [],
          "tests": [
            {
              "title": "select and validate dropdown list",
              "fullTitle": "Verify dropdown list select and validate dropdown list",
              "timedOut": null,
              "duration": 3186,
              "state": "passed",
              "speed": "fast",
              "pass": true,
              "fail": false,
              "pending": false,
              "context": null,
              "code": "// cy.visit(\"http://www.webdriveruniversity.com/Contact-Us/contactus.html\")\ncy.visit(\"http://www.webdriveruniversity.com\");\ncy.get(\"#dropdown-checkboxes-radiobuttons\").invoke('removeAttr', 'target').click({\n  force: true\n});\ncy.get('#dropdowm-menu-1').select('c#');\ncy.get('#dropdowm-menu-2').select('testng').should('have.value', 'testng');\ncy.get('#dropdowm-menu-3').select('JQuery').contains('JQuery');",
              "err": {},
              "uuid": "c1f587a8-cc16-4944-8ee1-99e02a9e924e",
              "parentUUID": "5f842298-be00-470a-af1f-62792761db12",
              "isHook": false,
              "skipped": false
            }
          ],
          "suites": [],
          "passes": [
            "c1f587a8-cc16-4944-8ee1-99e02a9e924e"
          ],
          "failures": [],
          "pending": [],
          "skipped": [],
          "duration": 3186,
          "root": false,
          "rootEmpty": false,
          "_timeout": 2000
        }
      ],
      "passes": [],
      "failures": [],
      "pending": [],
      "skipped": [],
      "duration": 0,
      "root": true,
      "rootEmpty": true,
      "_timeout": 2000
    },
    {
      "uuid": "ad5dba2e-a23d-48b4-8e01-39580c206522",
      "title": "",
      "fullFile": "cypress\\e2e\\webdriver-uni\\file-upload.cy.js",
      "file": "cypress\\e2e\\webdriver-uni\\file-upload.cy.js",
      "beforeHooks": [],
      "afterHooks": [],
      "tests": [],
      "suites": [
        {
          "uuid": "63bb7993-72d9-4779-b6aa-b5fae7afd9cc",
          "title": "Test File Upload via webdriveruni",
          "fullFile": "",
          "file": "",
          "beforeHooks": [],
          "afterHooks": [],
          "tests": [
            {
              "title": "Upload a file....",
              "fullTitle": "Test File Upload via webdriveruni Upload a file....",
              "timedOut": null,
              "duration": 2679,
              "state": "passed",
              "speed": "fast",
              "pass": true,
              "fail": false,
              "pending": false,
              "context": null,
              "code": "cy.visit(\"http://www.webdriveruniversity.com\");\ncy.get('#file-upload').invoke('removeAttr', 'target').click({\n  force: true\n});\ncy.fixture(\"laptop.png\", \"base64\").then(fileContent => {\n  cy.get(\"#myFile\").attachFile({\n    fileContent,\n    fileName: \"laptop.png\",\n    mimeType: \"image/png\"\n  }, {\n    uploadType: \"input\"\n  });\n});\ncy.get(\"#submit-button\").click();",
              "err": {},
              "uuid": "0fa5e7b7-6b86-4c8d-b795-aeee2dc4af8a",
              "parentUUID": "63bb7993-72d9-4779-b6aa-b5fae7afd9cc",
              "isHook": false,
              "skipped": false
            }
          ],
          "suites": [],
          "passes": [
            "0fa5e7b7-6b86-4c8d-b795-aeee2dc4af8a"
          ],
          "failures": [],
          "pending": [],
          "skipped": [],
          "duration": 2679,
          "root": false,
          "rootEmpty": false,
          "_timeout": 2000
        }
      ],
      "passes": [],
      "failures": [],
      "pending": [],
      "skipped": [],
      "duration": 0,
      "root": true,
      "rootEmpty": true,
      "_timeout": 2000
    },
    {
      "uuid": "e09d80d8-14a4-422d-9d1b-e243408c45de",
      "title": "",
      "fullFile": "cypress\\e2e\\webdriver-uni\\iframe.cy.js",
      "file": "cypress\\e2e\\webdriver-uni\\iframe.cy.js",
      "beforeHooks": [],
      "afterHooks": [],
      "tests": [],
      "suites": [
        {
          "uuid": "b6f8c78d-3c59-47ff-b60b-b0c71e1295ed",
          "title": "Handling iframes and modals",
          "fullFile": "",
          "file": "",
          "beforeHooks": [],
          "afterHooks": [],
          "tests": [
            {
              "title": "Validate iframe and modal",
              "fullTitle": "Handling iframes and modals Validate iframe and modal",
              "timedOut": null,
              "duration": 3486,
              "state": "passed",
              "speed": "fast",
              "pass": true,
              "fail": false,
              "pending": false,
              "context": null,
              "code": "// cy.visit(\"http://www.webdriveruniversity.com/Contact-Us/contactus.html\")\ncy.visit(\"http://www.webdriveruniversity.com\");\ncy.get(\"#iframe\").invoke('removeAttr', 'target').click({\n  force: true\n});\ncy.get(\"#frame\").then($iframe => {\n  const body = $iframe.contents().find('body');\n  cy.wrap(body).as('iframe');\n});\ncy.get('@iframe').find('#button-find-out-more').click();\ncy.get('@iframe').find('#myModal').as('modal');\ncy.get('@modal').should($expectedText => {\n  const text = $expectedText.text();\n  expect(text).to.include('Welcome to webdriveruniversity.com');\n});\ncy.get('@modal').contains('Close').click();",
              "err": {},
              "uuid": "4be6487d-c86c-4f68-a1a8-8c75263e2d85",
              "parentUUID": "b6f8c78d-3c59-47ff-b60b-b0c71e1295ed",
              "isHook": false,
              "skipped": false
            }
          ],
          "suites": [],
          "passes": [
            "4be6487d-c86c-4f68-a1a8-8c75263e2d85"
          ],
          "failures": [],
          "pending": [],
          "skipped": [],
          "duration": 3486,
          "root": false,
          "rootEmpty": false,
          "_timeout": 2000
        }
      ],
      "passes": [],
      "failures": [],
      "pending": [],
      "skipped": [],
      "duration": 0,
      "root": true,
      "rootEmpty": true,
      "_timeout": 2000
    },
    {
      "uuid": "1adea230-b830-4908-8f4c-602da4cd3e1d",
      "title": "",
      "fullFile": "cypress\\e2e\\webdriver-uni\\js-alerts.cy.js",
      "file": "cypress\\e2e\\webdriver-uni\\js-alerts.cy.js",
      "beforeHooks": [],
      "afterHooks": [],
      "tests": [],
      "suites": [
        {
          "uuid": "677e2385-d72d-47d7-a5fd-03199c784d26",
          "title": "Handle JS Alerts",
          "fullFile": "",
          "file": "",
          "beforeHooks": [],
          "afterHooks": [],
          "tests": [
            {
              "title": "Vaalidate js confirm alert box using stub ",
              "fullTitle": "Handle JS Alerts Vaalidate js confirm alert box using stub ",
              "timedOut": null,
              "duration": 2389,
              "state": "passed",
              "speed": "fast",
              "pass": true,
              "fail": false,
              "pending": false,
              "context": null,
              "code": "// cy.visit(\"http://www.webdriveruniversity.com/Contact-Us/contactus.html\")\ncy.visit(\"http://www.webdriveruniversity.com\");\ncy.get(\"#popup-alerts\").invoke('removeAttr', 'target').click({\n  force: true\n});\nconst stub = cy.stub();\ncy.on('window:confirm', stub);\ncy.get('#button4').click().then(() => {\n  expect(stub.getCall(0)).to.be.calledWith(\"Press a button!\");\n}).then(() => {\n  return true;\n}).then(() => {\n  cy.get('#confirm-alert-text').contains('You pressed OK!');\n});",
              "err": {},
              "uuid": "0b34120d-ea41-4eb4-8c2b-a9985b1f32a4",
              "parentUUID": "677e2385-d72d-47d7-a5fd-03199c784d26",
              "isHook": false,
              "skipped": false
            }
          ],
          "suites": [],
          "passes": [
            "0b34120d-ea41-4eb4-8c2b-a9985b1f32a4"
          ],
          "failures": [],
          "pending": [],
          "skipped": [],
          "duration": 2389,
          "root": false,
          "rootEmpty": false,
          "_timeout": 2000
        }
      ],
      "passes": [],
      "failures": [],
      "pending": [],
      "skipped": [],
      "duration": 0,
      "root": true,
      "rootEmpty": true,
      "_timeout": 2000
    },
    {
      "uuid": "85f93787-758c-40fd-8011-692adc78eaa1",
      "title": "",
      "fullFile": "cypress\\e2e\\webdriver-uni\\mouse-action.cy.js",
      "file": "cypress\\e2e\\webdriver-uni\\mouse-action.cy.js",
      "beforeHooks": [],
      "afterHooks": [],
      "tests": [],
      "suites": [
        {
          "uuid": "91e12560-e1f8-42a3-9484-60a90efdebf9",
          "title": "Verify mouse actions",
          "fullFile": "",
          "file": "",
          "beforeHooks": [],
          "afterHooks": [],
          "tests": [
            {
              "title": "I should be able to hold down the left mouse click button on a given element",
              "fullTitle": "Verify mouse actions I should be able to hold down the left mouse click button on a given element",
              "timedOut": null,
              "duration": 2597,
              "state": "passed",
              "speed": "fast",
              "pass": true,
              "fail": false,
              "pending": false,
              "context": null,
              "code": "cy.visit(\"http://www.webdriveruniversity.com\");\ncy.get('#actions').scrollIntoView().invoke('removeAttr', 'target').click({\n  force: true\n});\ncy.get('#click-box').trigger('mousedown', {\n  which: 1\n}).then($el => {\n  expect($el).to.have.css('background-color', 'rgb(0, 255, 0)');\n});",
              "err": {},
              "uuid": "adc59d13-a34d-44d5-bbbb-a16b1fc33f32",
              "parentUUID": "91e12560-e1f8-42a3-9484-60a90efdebf9",
              "isHook": false,
              "skipped": false
            }
          ],
          "suites": [],
          "passes": [
            "adc59d13-a34d-44d5-bbbb-a16b1fc33f32"
          ],
          "failures": [],
          "pending": [],
          "skipped": [],
          "duration": 2597,
          "root": false,
          "rootEmpty": false,
          "_timeout": 2000
        }
      ],
      "passes": [],
      "failures": [],
      "pending": [],
      "skipped": [],
      "duration": 0,
      "root": true,
      "rootEmpty": true,
      "_timeout": 2000
    },
    {
      "uuid": "cf17ae64-ec65-4ff9-989f-43d147571644",
      "title": "",
      "fullFile": "cypress\\e2e\\webdriver-uni\\radio-buttons.cy.js",
      "file": "cypress\\e2e\\webdriver-uni\\radio-buttons.cy.js",
      "beforeHooks": [],
      "afterHooks": [],
      "tests": [],
      "suites": [
        {
          "uuid": "45636493-c274-4cba-a723-fe17abc54a60",
          "title": "Verify radio buttons",
          "fullFile": "",
          "file": "",
          "beforeHooks": [],
          "afterHooks": [],
          "tests": [
            {
              "title": "check and validate radio buttons",
              "fullTitle": "Verify radio buttons check and validate radio buttons",
              "timedOut": null,
              "duration": 2659,
              "state": "passed",
              "speed": "fast",
              "pass": true,
              "fail": false,
              "pending": false,
              "context": null,
              "code": "// cy.visit(\"http://www.webdriveruniversity.com/Contact-Us/contactus.html\")\ncy.visit(\"http://www.webdriveruniversity.com\");\ncy.get(\"#dropdown-checkboxes-radiobuttons\").invoke('removeAttr', 'target').click({\n  force: true\n});\ncy.get(\"input[type='radio']\").first().check();\ncy.get(\"input[type='radio']\").eq(1).check();\ncy.get(\"input[value='lettuce']\").check().should('be.checked');\ncy.get(\"input[value='pumpkin']\").should('not.be.checked');\ncy.get(\"input[value='cabbage']\").should('be.disabled');",
              "err": {},
              "uuid": "98da54f7-84b7-4514-83ec-4748344495ae",
              "parentUUID": "45636493-c274-4cba-a723-fe17abc54a60",
              "isHook": false,
              "skipped": false
            }
          ],
          "suites": [],
          "passes": [
            "98da54f7-84b7-4514-83ec-4748344495ae"
          ],
          "failures": [],
          "pending": [],
          "skipped": [],
          "duration": 2659,
          "root": false,
          "rootEmpty": false,
          "_timeout": 2000
        }
      ],
      "passes": [],
      "failures": [],
      "pending": [],
      "skipped": [],
      "duration": 0,
      "root": true,
      "rootEmpty": true,
      "_timeout": 2000
    },
    {
      "uuid": "638645d9-c991-4e28-aac8-bbfe38522ea9",
      "title": "",
      "fullFile": "cypress\\e2e\\webdriver-uni\\traversing-elements.cy.js",
      "file": "cypress\\e2e\\webdriver-uni\\traversing-elements.cy.js",
      "beforeHooks": [],
      "afterHooks": [],
      "tests": [],
      "suites": [
        {
          "uuid": "117d214f-ae8b-49d7-9511-157f7bd21458",
          "title": "Traversing DOM elements in Cypress",
          "fullFile": "",
          "file": "",
          "beforeHooks": [],
          "afterHooks": [],
          "tests": [
            {
              "title": "children() to get the children of DOM elements",
              "fullTitle": "Traversing DOM elements in Cypress children() to get the children of DOM elements",
              "timedOut": null,
              "duration": 3546,
              "state": "passed",
              "speed": "fast",
              "pass": true,
              "fail": false,
              "pending": false,
              "context": null,
              "code": "cy.get('.traversal-breadcrumb').children('.active').should('contain', 'Contact Us');",
              "err": {},
              "uuid": "69214780-7533-4a70-b5dc-9da5ffb85789",
              "parentUUID": "117d214f-ae8b-49d7-9511-157f7bd21458",
              "isHook": false,
              "skipped": false
            },
            {
              "title": "closest() to validate the closest ancestor DOM element",
              "fullTitle": "Traversing DOM elements in Cypress closest() to validate the closest ancestor DOM element",
              "timedOut": null,
              "duration": 675,
              "state": "passed",
              "speed": "fast",
              "pass": true,
              "fail": false,
              "pending": false,
              "context": null,
              "code": "cy.get('.traversal-badge').closest('ul').should('have.class', 'list-group');",
              "err": {},
              "uuid": "8c0ec3ff-aaaa-480c-87d8-1f3036963c43",
              "parentUUID": "117d214f-ae8b-49d7-9511-157f7bd21458",
              "isHook": false,
              "skipped": false
            },
            {
              "title": "eq() to retrieve a specific element based on index",
              "fullTitle": "Traversing DOM elements in Cypress eq() to retrieve a specific element based on index",
              "timedOut": null,
              "duration": 635,
              "state": "passed",
              "speed": "fast",
              "pass": true,
              "fail": false,
              "pending": false,
              "context": null,
              "code": "cy.get('.traversal-drinks-list > *').eq(2).should('contain', 'Milk');",
              "err": {},
              "uuid": "c60a11b5-ac14-4127-9e13-ed7cc2bc840b",
              "parentUUID": "117d214f-ae8b-49d7-9511-157f7bd21458",
              "isHook": false,
              "skipped": false
            },
            {
              "title": "filter() to retrieve DOM elements that match a specific selector",
              "fullTitle": "Traversing DOM elements in Cypress filter() to retrieve DOM elements that match a specific selector",
              "timedOut": null,
              "duration": 697,
              "state": "passed",
              "speed": "fast",
              "pass": true,
              "fail": false,
              "pending": false,
              "context": null,
              "code": "cy.get('.btn-group-toggle > *').filter('.active').should('contain', 'Button-1');",
              "err": {},
              "uuid": "735f1cc1-09da-46c4-9eeb-7be861066f3a",
              "parentUUID": "117d214f-ae8b-49d7-9511-157f7bd21458",
              "isHook": false,
              "skipped": false
            },
            {
              "title": "find() to retrieve DOM elements of a given selector",
              "fullTitle": "Traversing DOM elements in Cypress find() to retrieve DOM elements of a given selector",
              "timedOut": null,
              "duration": 1294,
              "state": "passed",
              "speed": "fast",
              "pass": true,
              "fail": false,
              "pending": false,
              "context": null,
              "code": "cy.get('.traversal-pagination').find('li').find('a').should('have.length', 7);",
              "err": {},
              "uuid": "ab80e14d-a4c7-46b0-adb7-652527c3d637",
              "parentUUID": "117d214f-ae8b-49d7-9511-157f7bd21458",
              "isHook": false,
              "skipped": false
            },
            {
              "title": "first() to retrieve the first DOM element within elements ",
              "fullTitle": "Traversing DOM elements in Cypress first() to retrieve the first DOM element within elements ",
              "timedOut": null,
              "duration": 993,
              "state": "passed",
              "speed": "fast",
              "pass": true,
              "fail": false,
              "pending": false,
              "context": null,
              "code": "cy.get('.traversal-table > tbody > tr > td').first().should('contain', 'Andy');",
              "err": {},
              "uuid": "e1eb8d69-ff6e-4f78-b27b-a079326304b9",
              "parentUUID": "117d214f-ae8b-49d7-9511-157f7bd21458",
              "isHook": false,
              "skipped": false
            },
            {
              "title": "last() to retrieve the last DOM element within elements",
              "fullTitle": "Traversing DOM elements in Cypress last() to retrieve the last DOM element within elements",
              "timedOut": null,
              "duration": 808,
              "state": "passed",
              "speed": "fast",
              "pass": true,
              "fail": false,
              "pending": false,
              "context": null,
              "code": "cy.get('.traversal-table > tbody > tr > td').last().should('contain', 'Scott');",
              "err": {},
              "uuid": "a6f8f33b-772a-4e6f-91d1-b4ccb9f01710",
              "parentUUID": "117d214f-ae8b-49d7-9511-157f7bd21458",
              "isHook": false,
              "skipped": false
            },
            {
              "title": "nextAll() to get all of the next sibling DOM elements within elements",
              "fullTitle": "Traversing DOM elements in Cypress nextAll() to get all of the next sibling DOM elements within elements",
              "timedOut": null,
              "duration": 797,
              "state": "passed",
              "speed": "fast",
              "pass": true,
              "fail": false,
              "pending": false,
              "context": null,
              "code": "cy.get('.traversal-drinks-list').contains('Tea').nextAll().should('have.length', 3);",
              "err": {},
              "uuid": "cc4a6bc8-9408-495d-b250-92318ea1f218",
              "parentUUID": "117d214f-ae8b-49d7-9511-157f7bd21458",
              "isHook": false,
              "skipped": false
            },
            {
              "title": "nextUntil() to get all of the next sibling DOM elements within elements until another element",
              "fullTitle": "Traversing DOM elements in Cypress nextUntil() to get all of the next sibling DOM elements within elements until another element",
              "timedOut": null,
              "duration": 799,
              "state": "passed",
              "speed": "fast",
              "pass": true,
              "fail": false,
              "pending": false,
              "context": null,
              "code": "cy.get('#coffee').nextUntil('#espresso').should('have.length', 2);",
              "err": {},
              "uuid": "cdf4f53c-6ba8-414e-8aee-6ea408956546",
              "parentUUID": "117d214f-ae8b-49d7-9511-157f7bd21458",
              "isHook": false,
              "skipped": false
            },
            {
              "title": "not() to remove DOM element(s) from the set of elements",
              "fullTitle": "Traversing DOM elements in Cypress not() to remove DOM element(s) from the set of elements",
              "timedOut": null,
              "duration": 1326,
              "state": "passed",
              "speed": "fast",
              "pass": true,
              "fail": false,
              "pending": false,
              "context": null,
              "code": "cy.get('.traversal-button-states > *').not('.disabled').should('not.have.class', 'disabled');",
              "err": {},
              "uuid": "f8403b7b-2b4b-43d2-9a1a-ba9bb42bdea4",
              "parentUUID": "117d214f-ae8b-49d7-9511-157f7bd21458",
              "isHook": false,
              "skipped": false
            },
            {
              "title": "parent() To get parent DOM element of elements",
              "fullTitle": "Traversing DOM elements in Cypress parent() To get parent DOM element of elements",
              "timedOut": null,
              "duration": 756,
              "state": "passed",
              "speed": "fast",
              "pass": true,
              "fail": false,
              "pending": false,
              "context": null,
              "code": "cy.get('.traversal-mark').parent().should('contain', 'Lorem ipsum dolor sit amet');",
              "err": {},
              "uuid": "8d1a3ebb-567e-4d32-a6d5-4aaee910d24d",
              "parentUUID": "117d214f-ae8b-49d7-9511-157f7bd21458",
              "isHook": false,
              "skipped": false
            },
            {
              "title": "parents() to get parents DOM element of elements",
              "fullTitle": "Traversing DOM elements in Cypress parents() to get parents DOM element of elements",
              "timedOut": null,
              "duration": 740,
              "state": "passed",
              "speed": "fast",
              "pass": true,
              "fail": false,
              "pending": false,
              "context": null,
              "code": "cy.get('.traversal-cite').parents('blockquote').should('contain', 'Lorem ipsum dolor sit amet');",
              "err": {},
              "uuid": "5dfe344f-d8e4-4403-82e6-d33c5c170cd0",
              "parentUUID": "117d214f-ae8b-49d7-9511-157f7bd21458",
              "isHook": false,
              "skipped": false
            },
            {
              "title": "prev() to get the previous sibling DOM element within elements",
              "fullTitle": "Traversing DOM elements in Cypress prev() to get the previous sibling DOM element within elements",
              "timedOut": null,
              "duration": 758,
              "state": "passed",
              "speed": "fast",
              "pass": true,
              "fail": false,
              "pending": false,
              "context": null,
              "code": "cy.get('.traversal-drinks-list').contains('Tea').prev().should('contain', 'Coffee');",
              "err": {},
              "uuid": "b4d13a67-0405-4a27-bebd-acc01c491a9f",
              "parentUUID": "117d214f-ae8b-49d7-9511-157f7bd21458",
              "isHook": false,
              "skipped": false
            },
            {
              "title": "prevAll() to get all previous sibling DOM elements within elements",
              "fullTitle": "Traversing DOM elements in Cypress prevAll() to get all previous sibling DOM elements within elements",
              "timedOut": null,
              "duration": 796,
              "state": "passed",
              "speed": "fast",
              "pass": true,
              "fail": false,
              "pending": false,
              "context": null,
              "code": "cy.get('.traversal-job-list').contains('Sale').prevAll().should('have.length', 2);",
              "err": {},
              "uuid": "174275a2-8b8d-4897-973b-005c3f107461",
              "parentUUID": "117d214f-ae8b-49d7-9511-157f7bd21458",
              "isHook": false,
              "skipped": false
            },
            {
              "title": "prevUntil() to get all previous sibling DOM elements within elements until other element",
              "fullTitle": "Traversing DOM elements in Cypress prevUntil() to get all previous sibling DOM elements within elements until other element",
              "timedOut": null,
              "duration": 1410,
              "state": "passed",
              "speed": "fast",
              "pass": true,
              "fail": false,
              "pending": false,
              "context": null,
              "code": "cy.get('.traversal-food-list').find('#veggie').prevUntil('#fruits').should('have.length', 5);",
              "err": {},
              "uuid": "69cf3ace-4107-46ac-ac0c-e462cab85902",
              "parentUUID": "117d214f-ae8b-49d7-9511-157f7bd21458",
              "isHook": false,
              "skipped": false
            },
            {
              "title": "siblings() To get all sibling DOM elements of elements",
              "fullTitle": "Traversing DOM elements in Cypress siblings() To get all sibling DOM elements of elements",
              "timedOut": null,
              "duration": 756,
              "state": "passed",
              "speed": "fast",
              "pass": true,
              "fail": false,
              "pending": false,
              "context": null,
              "code": "cy.get('.traversal-button-other-states .active').siblings().should('have.length', 3);",
              "err": {},
              "uuid": "a13f28f7-e82c-4e20-84be-71badbcded2f",
              "parentUUID": "117d214f-ae8b-49d7-9511-157f7bd21458",
              "isHook": false,
              "skipped": false
            }
          ],
          "suites": [],
          "passes": [
            "69214780-7533-4a70-b5dc-9da5ffb85789",
            "8c0ec3ff-aaaa-480c-87d8-1f3036963c43",
            "c60a11b5-ac14-4127-9e13-ed7cc2bc840b",
            "735f1cc1-09da-46c4-9eeb-7be861066f3a",
            "ab80e14d-a4c7-46b0-adb7-652527c3d637",
            "e1eb8d69-ff6e-4f78-b27b-a079326304b9",
            "a6f8f33b-772a-4e6f-91d1-b4ccb9f01710",
            "cc4a6bc8-9408-495d-b250-92318ea1f218",
            "cdf4f53c-6ba8-414e-8aee-6ea408956546",
            "f8403b7b-2b4b-43d2-9a1a-ba9bb42bdea4",
            "8d1a3ebb-567e-4d32-a6d5-4aaee910d24d",
            "5dfe344f-d8e4-4403-82e6-d33c5c170cd0",
            "b4d13a67-0405-4a27-bebd-acc01c491a9f",
            "174275a2-8b8d-4897-973b-005c3f107461",
            "69cf3ace-4107-46ac-ac0c-e462cab85902",
            "a13f28f7-e82c-4e20-84be-71badbcded2f"
          ],
          "failures": [],
          "pending": [],
          "skipped": [],
          "duration": 16786,
          "root": false,
          "rootEmpty": false,
          "_timeout": 2000
        }
      ],
      "passes": [],
      "failures": [],
      "pending": [],
      "skipped": [],
      "duration": 0,
      "root": true,
      "rootEmpty": true,
      "_timeout": 2000
    },
    {
      "uuid": "b8c5629e-e553-48e1-9d76-d5c43dd22a87",
      "title": "",
      "fullFile": "cypress\\e2e\\automation-test-store\\add-multiple-items-to-cart.cy.js",
      "file": "cypress\\e2e\\automation-test-store\\add-multiple-items-to-cart.cy.js",
      "beforeHooks": [],
      "afterHooks": [],
      "tests": [],
      "suites": [
        {
          "uuid": "fa4ae3c6-b6e9-44c4-8223-d725e44d0a3f",
          "title": "Add multiple items to basket",
          "fullFile": "",
          "file": "",
          "beforeHooks": [],
          "afterHooks": [],
          "tests": [
            {
              "title": "Add specific items to basket",
              "fullTitle": "Add multiple items to basket Add specific items to basket",
              "timedOut": null,
              "duration": 5683,
              "state": "passed",
              "speed": "medium",
              "pass": true,
              "fail": false,
              "pending": false,
              "context": null,
              "code": "haircare.addHairCareProductToCart();",
              "err": {},
              "uuid": "18cbfb95-4784-4cd4-90c5-59905323eebc",
              "parentUUID": "fa4ae3c6-b6e9-44c4-8223-d725e44d0a3f",
              "isHook": false,
              "skipped": false
            }
          ],
          "suites": [],
          "passes": [
            "18cbfb95-4784-4cd4-90c5-59905323eebc"
          ],
          "failures": [],
          "pending": [],
          "skipped": [],
          "duration": 5683,
          "root": false,
          "rootEmpty": false,
          "_timeout": 2000
        }
      ],
      "passes": [],
      "failures": [],
      "pending": [],
      "skipped": [],
      "duration": 0,
      "root": true,
      "rootEmpty": true,
      "_timeout": 2000
    }
  ],
  "meta": {
    "mocha": {
      "version": "7.0.1"
    },
    "mochawesome": {
      "options": {
        "quiet": false,
        "reportFilename": "mochawesome",
        "saveHtml": false,
        "saveJson": true,
        "consoleReporter": "spec",
        "useInlineDiffs": false,
        "code": true
      },
      "version": "7.1.3"
    },
    "marge": {
      "options": {
        "id": "default",
        "reportDir": "cypress/results/mochawesome",
        "quite": true,
        "overwrite": false,
        "html": false,
        "json": true
      },
      "version": "6.2.0"
    }
  }
}